<?xml version="1.0" encoding="UTF-8"?>
<!-- Generated by org.testng.reporters.JUnitReportReporter -->
<testsuite hostname="L-C02FXNPLMD6M.local" failures="0" tests="2" name="com.rest.RequestParameters" time="5.227" errors="0" timestamp="2023-12-14T11:13:05 IST" skipped="0">
  <testcase classname="com.rest.RequestParameters" name="single_query_parameter" time="1.525"/>
  <system-out/>
  <testcase classname="com.rest.RequestParameters" name="multiple_query_parameter" time="3.702"/>
  <system-out/>
</testsuite> <!-- com.rest.RequestParameters -->
