<?xml version="1.0" encoding="UTF-8"?>
<!-- Generated by org.testng.reporters.JUnitReportReporter -->
<testsuite hostname="L-C02FXNPLMD6M.local" failures="0" tests="1" name="com.rest.Download" time="3.359" errors="0" timestamp="2023-12-20T11:39:32 IST" skipped="0">
  <testcase classname="com.rest.Download" name="downloadFile" time="3.359"/>
  <system-out/>
</testsuite> <!-- com.rest.Download -->
