<?xml version="1.0" encoding="UTF-8"?>
<!-- Generated by org.testng.reporters.JUnitReportReporter -->
<testsuite hostname="L-C02FXNPLMD6M.local" failures="0" tests="1" name="com.rest.RequestSpecificationExample" time="0.005" errors="0" timestamp="2023-11-01T11:25:31 IST" skipped="0">
  <testcase classname="com.rest.RequestSpecificationExample" name="query_Testcase" time="0.005"/>
  <system-out/>
</testsuite> <!-- com.rest.RequestSpecificationExample -->
