<?xml version="1.0" encoding="UTF-8"?>
<!-- Generated by org.testng.reporters.JUnitReportReporter -->
<testsuite hostname="L-C02FXNPLMD6M.local" failures="0" tests="1" name="com.rest.Filters" time="2.323" errors="0" timestamp="2023-12-27T12:56:31 IST" skipped="0">
  <testcase classname="com.rest.Filters" name="loggingFilter" time="2.323"/>
  <system-out/>
</testsuite> <!-- com.rest.Filters -->
