<?xml version="1.0" encoding="UTF-8"?>
<!-- Generated by org.testng.reporters.JUnitReportReporter -->
<testsuite hostname="L-C02FXNPLMD6M.local" failures="0" tests="2" name="com.rest.ResponseSpecification" time="4.198" errors="0" timestamp="2023-11-01T19:34:29 IST" skipped="0">
  <testcase classname="com.rest.ResponseSpecification" name="validate_responsebody" time="1.964"/>
  <system-out/>
  <testcase classname="com.rest.ResponseSpecification" name="validate_StatusCode" time="2.234"/>
  <system-out/>
</testsuite> <!-- com.rest.ResponseSpecification -->
