<?xml version="1.0" encoding="UTF-8"?>
<!-- Generated by org.testng.reporters.JUnitReportReporter -->
<testsuite hostname="L-C02FXNPLMD6M.local" failures="0" tests="1" name="com.rest.AutomatePost" time="1.146" errors="0" timestamp="2023-12-06T12:27:57 IST" skipped="0">
  <testcase classname="com.rest.AutomatePost" name="validate_post_request_payload_using_as_map" time="1.146"/>
  <system-out/>
</testsuite> <!-- com.rest.AutomatePost -->
