<?xml version="1.0" encoding="UTF-8"?>
<!-- Generated by org.testng.reporters.JUnitReportReporter -->
<testsuite hostname="L-C02FXNPLMD6M.local" failures="0" tests="1" name="com.rest.JsonSchemaValidation" time="2.967" errors="0" timestamp="2023-12-26T14:35:47 IST" skipped="0">
  <testcase classname="com.rest.JsonSchemaValidation" name="form_urlencoded" time="2.967"/>
  <system-out/>
</testsuite> <!-- com.rest.JsonSchemaValidation -->
