<?xml version="1.0" encoding="UTF-8"?>
<!-- Generated by org.testng.reporters.JUnitReportReporter -->
<testsuite hostname="L-C02FXNPLMD6M.local" failures="0" tests="1" name="com.rest.TestRest" time="4.092" errors="0" timestamp="2023-12-02T21:42:24 IST" skipped="0">
  <testcase classname="com.rest.TestRest" name="extract_multivalue_response_header" time="4.092"/>
  <system-out/>
</testsuite> <!-- com.rest.TestRest -->
